2024-03-14 11:44:12,650 Thread created
2024-03-14 11:44:39,792 Thread produced
2024-03-14 11:44:39,792 Thread produced
2024-03-14 11:44:39,792 Thread produced
2024-03-14 11:44:39,793 Thread produced
2024-03-14 11:44:39,793 Thread produced
2024-03-14 11:44:39,793 Thread produced
2024-03-14 11:44:39,793 Thread produced
2024-03-14 11:44:39,794 Thread produced
2024-03-14 11:44:39,794 Thread produced
2024-03-14 11:44:39,794 Thread produced
2024-03-14 11:45:14,844 Thread produced
2024-03-14 11:49:49,560 Thread created
2024-03-14 11:49:51,382 Thread produced
2024-03-14 11:49:51,383 Thread produced
2024-03-14 11:49:51,383 Thread produced
2024-03-14 11:49:51,384 Thread produced
2024-03-14 11:49:51,384 Thread produced
2024-03-14 11:49:51,385 Thread produced
2024-03-14 11:49:51,385 Thread produced
2024-03-14 11:49:51,385 Thread produced
2024-03-14 11:49:51,386 Thread produced
2024-03-14 11:49:51,386 Thread produced
2024-03-14 13:24:16,441 No such comm target registered: jupyter.widget.control
2024-03-14 13:24:16,443 No such comm: 5e22946e-6d33-4623-9181-99a6324b95f6
2024-03-14 13:24:16,443 Current comms: []
